<?xml version="1.0" encoding="UTF-8"?>
<!-- Generated by org.testng.reporters.JUnitReportReporter -->
<testsuite hostname="DESKTOP-9NBI2B1" failures="0" tests="4" name="testClass.VerifyLoginFunctionality" time="94.406" errors="0" timestamp="2022-04-07T11:54:14 IST" skipped="0">
  <testcase classname="testClass.VerifyLoginFunctionality" name="verifyLoginCredentials" time="14.702"/>
  <system-out/>
  <testcase classname="testClass.VerifyLoginFunctionality" name="verifyLoginCredentials" time="26.655"/>
  <system-out/>
  <testcase classname="testClass.VerifyLoginFunctionality" name="verifyLoginCredentials" time="28.149"/>
  <system-out/>
  <testcase classname="testClass.VerifyLoginFunctionality" name="verifyLoginCredentials" time="24.900"/>
  <system-out/>
</testsuite> <!-- testClass.VerifyLoginFunctionality -->
